0001   0000               .org 0800h
0002   0800 06 DD         LD  B,00DDh      ;NUMBER OF STEPS
0003   0802 21 00 0A      LD  HL,0A00h
0004   0805 DD 21 04 09   LD  IX,904h
0005   0809 7E            LD  A,(HL)
0006   080A DD 77 00      LD  (IX+00),A
0007   080D 23            INC HL
0008   080E 7E            LD  A,(HL)
0009   080F DD 77 01      LD  (IX+01),A 
0010   0812 23            INC HL
0011   0813 7E            LD  A,(HL)
0012   0814 DD 77 03      LD  (IX+03),A
0013   0817 23            INC HL
0014   0818 7E            LD  A,(HL)
0015   0819 DD 77 04      LD  (IX+04),A
0016   081C 23            INC HL
0017   081D 7E            LD  A,(HL)
0018   081E 23            INC HL
0019   081F D3 03         OUT (03),A
0020   0821 CD 84 03      CALL 0900
0021   0824 05            DEC B
0022   0825 78            LD A,B
0023   0826 B7            OR  A
0024   0827 C2 29 03      JP NZ, 0809
0025   082A C3 20 03      JP 0800
0026   082D F5            PUSH  AF
0027   082E C5            PUSH  BC
0028   082F D5            PUSH DE
0029   0830 01 FF FF      LD BC, 0FFFFh
0030   0833 11 FF FF      LD DE, 0FFFFh
0031   0836 1B            DEC DE
0032   0837 7A            LD A,D
0033   0838 B3            OR E
0034   0839 C2 09 09      JP NZ, 909h
0035   083C 0B            DEC BC
0036   083D 78            LD A,B
0037   083E B1            OR C
0038   083F C2 8A 03      JP NZ, 906
0039   0842 D1            POP DE
0040   0843 C1            POP BC
0041   0844 F1            POP AF
0042   0845 C9            RET
0043   0846               
0044   0846               ; DATA at 0A00:
0045   0846               ; 1C 00 00 00 01
0046   0846               ; 38 00 00 00 23
0047   0846               ; 1C 00 00 00 86
0048   0846               ; 1C 00 00 00 2C
0049   0846               ; 38 00 00 00 38
0050   0846               ; 1C 00 00 00 32
0051   0846               ; 1C 00 00 00 62
0052   0846               ; 1C 00 00 00 CO
0053   0846               
0054   0846               
Number of errors = 0
